#! /c/Source/iverilog-install/bin/vvp
:ivl_version "12.0 (devel)" "(s20150603-1539-g2693dd32b)";
:ivl_delay_selection "TYPICAL";
:vpi_time_precision + 0;
:vpi_module "C:\iverilog\lib\ivl\system.vpi";
:vpi_module "C:\iverilog\lib\ivl\vhdl_sys.vpi";
:vpi_module "C:\iverilog\lib\ivl\vhdl_textio.vpi";
:vpi_module "C:\iverilog\lib\ivl\v2005_math.vpi";
:vpi_module "C:\iverilog\lib\ivl\va_math.vpi";
S_000001b1ba974ce0 .scope module, "alu_decoder" "alu_decoder" 2 1;
 .timescale 0 0;
    .port_info 0 /OUTPUT 3 "alu_control";
    .port_info 1 /INPUT 2 "alu_op";
    .port_info 2 /INPUT 3 "funct3";
    .port_info 3 /INPUT 2 "funct7";
v000001b1ba9619b0_0 .var "alu_control", 2 0;
o000001b1ba978008 .functor BUFZ 2, C4<zz>; HiZ drive
v000001b1ba961af0_0 .net "alu_op", 1 0, o000001b1ba978008;  0 drivers
o000001b1ba978038 .functor BUFZ 3, C4<zzz>; HiZ drive
v000001b1ba961cd0_0 .net "funct3", 2 0, o000001b1ba978038;  0 drivers
o000001b1ba978068 .functor BUFZ 2, C4<zz>; HiZ drive
v000001b1ba961410_0 .net "funct7", 1 0, o000001b1ba978068;  0 drivers
E_000001b1ba959b70 .event anyedge, v000001b1ba961af0_0, v000001b1ba961cd0_0, v000001b1ba961410_0;
S_000001b1ba974e70 .scope module, "extend" "extend" 3 1;
 .timescale 0 0;
    .port_info 0 /OUTPUT 32 "imm_ext";
    .port_info 1 /INPUT 2 "imm_src";
    .port_info 2 /INPUT 25 "instr";
v000001b1ba961910_0 .var "imm_ext", 31 0;
o000001b1ba978188 .functor BUFZ 2, C4<zz>; HiZ drive
v000001b1ba961a50_0 .net "imm_src", 1 0, o000001b1ba978188;  0 drivers
o000001b1ba9781b8 .functor BUFZ 25, C4<zzzzzzzzzzzzzzzzzzzzzzzzz>; HiZ drive
v000001b1ba961f50_0 .net "instr", 31 7, o000001b1ba9781b8;  0 drivers
E_000001b1ba95a570 .event anyedge, v000001b1ba961a50_0, v000001b1ba961f50_0;
S_000001b1ba965e00 .scope module, "instruction_memory" "instruction_memory" 4 1;
 .timescale 0 0;
    .port_info 0 /INPUT 16 "pc";
    .port_info 1 /OUTPUT 32 "instr";
v000001b1ba961d70_0 .var "instr", 31 0;
o000001b1ba9782a8 .functor BUFZ 16, C4<zzzzzzzzzzzzzzzz>; HiZ drive
v000001b1ba961b90_0 .net "pc", 15 0, o000001b1ba9782a8;  0 drivers
E_000001b1ba95a670 .event anyedge, v000001b1ba961b90_0;
S_000001b1ba965f90 .scope module, "main_decoder" "main_decoder" 5 1;
 .timescale 0 0;
    .port_info 0 /INPUT 7 "opcode";
    .port_info 1 /OUTPUT 1 "reg_write";
    .port_info 2 /OUTPUT 1 "imm_src";
    .port_info 3 /OUTPUT 1 "alu_src";
    .port_info 4 /OUTPUT 1 "mem_write";
    .port_info 5 /OUTPUT 1 "result_src";
    .port_info 6 /OUTPUT 1 "branch";
    .port_info 7 /OUTPUT 1 "alu_op";
v000001b1ba961e10_0 .var "alu_op", 0 0;
v000001b1ba961eb0_0 .var "alu_src", 0 0;
v000001b1ba9617d0_0 .var "branch", 0 0;
v000001b1ba9614b0_0 .var "imm_src", 0 0;
v000001b1ba961c30_0 .var "mem_write", 0 0;
o000001b1ba978428 .functor BUFZ 7, C4<zzzzzzz>; HiZ drive
v000001b1ba961730_0 .net "opcode", 6 0, o000001b1ba978428;  0 drivers
v000001b1ba961ff0_0 .var "reg_write", 0 0;
v000001b1ba961550_0 .var "result_src", 0 0;
E_000001b1ba959db0 .event anyedge, v000001b1ba961730_0;
S_000001b1ba970d10 .scope module, "register_file" "register_file" 6 1;
 .timescale 0 0;
    .port_info 0 /INPUT 1 "clk";
    .port_info 1 /INPUT 1 "we3";
    .port_info 2 /INPUT 6 "a1";
    .port_info 3 /INPUT 6 "a2";
    .port_info 4 /INPUT 6 "a3";
    .port_info 5 /INPUT 32 "wd3";
    .port_info 6 /OUTPUT 32 "rd1";
    .port_info 7 /OUTPUT 32 "rd2";
P_000001b1ba966120 .param/l "L" 0 6 1, +C4<00000000000000000000000000100000>;
P_000001b1ba966158 .param/l "M" 0 6 1, +C4<00000000000000000000000000100000>;
P_000001b1ba966190 .param/l "N" 0 6 1, +C4<00000000000000000000000000000110>;
v000001b1ba9610f0_0 .net *"_ivl_0", 31 0, L_000001b1ba9c96a0;  1 drivers
v000001b1ba961190_0 .net *"_ivl_10", 6 0, L_000001b1ba9c8c00;  1 drivers
L_000001b1ba9ca938 .functor BUFT 1, C4<0>, C4<0>, C4<0>, C4<0>;
v000001b1ba961230_0 .net *"_ivl_13", 0 0, L_000001b1ba9ca938;  1 drivers
L_000001b1ba9ca980 .functor BUFT 1, C4<00000000000000000000000000000000>, C4<0>, C4<0>, C4<0>;
v000001b1ba961870_0 .net/2u *"_ivl_14", 31 0, L_000001b1ba9ca980;  1 drivers
v000001b1ba9612d0_0 .net *"_ivl_18", 31 0, L_000001b1ba9c99c0;  1 drivers
L_000001b1ba9ca9c8 .functor BUFT 1, C4<00000000000000000000000000>, C4<0>, C4<0>, C4<0>;
v000001b1ba961370_0 .net *"_ivl_21", 25 0, L_000001b1ba9ca9c8;  1 drivers
L_000001b1ba9caa10 .functor BUFT 1, C4<00000000000000000000000000000000>, C4<0>, C4<0>, C4<0>;
v000001b1ba9615f0_0 .net/2u *"_ivl_22", 31 0, L_000001b1ba9caa10;  1 drivers
v000001b1ba961690_0 .net *"_ivl_24", 0 0, L_000001b1ba9ca320;  1 drivers
v000001b1ba9c8980_0 .net *"_ivl_26", 31 0, L_000001b1ba9c9560;  1 drivers
v000001b1ba9c9240_0 .net *"_ivl_28", 6 0, L_000001b1ba9c9880;  1 drivers
L_000001b1ba9ca8a8 .functor BUFT 1, C4<00000000000000000000000000>, C4<0>, C4<0>, C4<0>;
v000001b1ba9c9600_0 .net *"_ivl_3", 25 0, L_000001b1ba9ca8a8;  1 drivers
L_000001b1ba9caa58 .functor BUFT 1, C4<0>, C4<0>, C4<0>, C4<0>;
v000001b1ba9c92e0_0 .net *"_ivl_31", 0 0, L_000001b1ba9caa58;  1 drivers
L_000001b1ba9caaa0 .functor BUFT 1, C4<00000000000000000000000000000000>, C4<0>, C4<0>, C4<0>;
v000001b1ba9c9740_0 .net/2u *"_ivl_32", 31 0, L_000001b1ba9caaa0;  1 drivers
L_000001b1ba9ca8f0 .functor BUFT 1, C4<00000000000000000000000000000000>, C4<0>, C4<0>, C4<0>;
v000001b1ba9c8ac0_0 .net/2u *"_ivl_4", 31 0, L_000001b1ba9ca8f0;  1 drivers
v000001b1ba9c9c40_0 .net *"_ivl_6", 0 0, L_000001b1ba9c9920;  1 drivers
v000001b1ba9c94c0_0 .net *"_ivl_8", 31 0, L_000001b1ba9ca000;  1 drivers
o000001b1ba978938 .functor BUFZ 6, C4<zzzzzz>; HiZ drive
v000001b1ba9c8e80_0 .net "a1", 5 0, o000001b1ba978938;  0 drivers
o000001b1ba978968 .functor BUFZ 6, C4<zzzzzz>; HiZ drive
v000001b1ba9c9380_0 .net "a2", 5 0, o000001b1ba978968;  0 drivers
o000001b1ba978998 .functor BUFZ 6, C4<zzzzzz>; HiZ drive
v000001b1ba9c8f20_0 .net "a3", 5 0, o000001b1ba978998;  0 drivers
o000001b1ba9789c8 .functor BUFZ 1, C4<z>; HiZ drive
v000001b1ba9ca640_0 .net "clk", 0 0, o000001b1ba9789c8;  0 drivers
v000001b1ba9c9ec0_0 .net "rd1", 31 0, L_000001b1ba9c97e0;  1 drivers
v000001b1ba9ca460_0 .net "rd2", 31 0, L_000001b1ba9c9a60;  1 drivers
v000001b1ba9c9d80 .array "rf", 0 31, 31 0;
o000001b1ba978a58 .functor BUFZ 32, C4<zzzzzzzzzzzzzzzzzzzzzzzzzzzzzzzz>; HiZ drive
v000001b1ba9ca5a0_0 .net "wd3", 31 0, o000001b1ba978a58;  0 drivers
o000001b1ba978a88 .functor BUFZ 1, C4<z>; HiZ drive
v000001b1ba9c9420_0 .net "we3", 0 0, o000001b1ba978a88;  0 drivers
E_000001b1ba959ff0 .event posedge, v000001b1ba9ca640_0;
L_000001b1ba9c96a0 .concat [ 6 26 0 0], o000001b1ba978938, L_000001b1ba9ca8a8;
L_000001b1ba9c9920 .cmp/ne 32, L_000001b1ba9c96a0, L_000001b1ba9ca8f0;
L_000001b1ba9ca000 .array/port v000001b1ba9c9d80, L_000001b1ba9c8c00;
L_000001b1ba9c8c00 .concat [ 6 1 0 0], o000001b1ba978938, L_000001b1ba9ca938;
L_000001b1ba9c97e0 .functor MUXZ 32, L_000001b1ba9ca980, L_000001b1ba9ca000, L_000001b1ba9c9920, C4<>;
L_000001b1ba9c99c0 .concat [ 6 26 0 0], o000001b1ba978968, L_000001b1ba9ca9c8;
L_000001b1ba9ca320 .cmp/ne 32, L_000001b1ba9c99c0, L_000001b1ba9caa10;
L_000001b1ba9c9560 .array/port v000001b1ba9c9d80, L_000001b1ba9c9880;
L_000001b1ba9c9880 .concat [ 6 1 0 0], o000001b1ba978968, L_000001b1ba9caa58;
L_000001b1ba9c9a60 .functor MUXZ 32, L_000001b1ba9caaa0, L_000001b1ba9c9560, L_000001b1ba9ca320, C4<>;
    .scope S_000001b1ba974ce0;
T_0 ;
    %wait E_000001b1ba959b70;
    %load/vec4 v000001b1ba961af0_0;
    %dup/vec4;
    %pushi/vec4 0, 0, 2;
    %cmp/u;
    %jmp/1 T_0.0, 6;
    %dup/vec4;
    %pushi/vec4 1, 0, 2;
    %cmp/u;
    %jmp/1 T_0.1, 6;
    %dup/vec4;
    %pushi/vec4 2, 0, 2;
    %cmp/u;
    %jmp/1 T_0.2, 6;
    %jmp T_0.3;
T_0.0 ;
    %pushi/vec4 0, 0, 3;
    %store/vec4 v000001b1ba9619b0_0, 0, 3;
    %jmp T_0.3;
T_0.1 ;
    %pushi/vec4 1, 0, 3;
    %store/vec4 v000001b1ba9619b0_0, 0, 3;
    %jmp T_0.3;
T_0.2 ;
    %load/vec4 v000001b1ba961cd0_0;
    %dup/vec4;
    %pushi/vec4 0, 0, 3;
    %cmp/u;
    %jmp/1 T_0.4, 6;
    %dup/vec4;
    %pushi/vec4 2, 0, 3;
    %cmp/u;
    %jmp/1 T_0.5, 6;
    %dup/vec4;
    %pushi/vec4 6, 0, 3;
    %cmp/u;
    %jmp/1 T_0.6, 6;
    %dup/vec4;
    %pushi/vec4 7, 0, 3;
    %cmp/u;
    %jmp/1 T_0.7, 6;
    %jmp T_0.8;
T_0.4 ;
    %load/vec4 v000001b1ba961410_0;
    %cmpi/e 0, 0, 2;
    %jmp/1 T_0.12, 4;
    %flag_mov 8, 4;
    %load/vec4 v000001b1ba961410_0;
    %cmpi/e 1, 0, 2;
    %flag_or 4, 8;
T_0.12;
    %jmp/1 T_0.11, 4;
    %flag_mov 8, 4;
    %load/vec4 v000001b1ba961410_0;
    %cmpi/e 2, 0, 2;
    %flag_or 4, 8;
T_0.11;
    %flag_mov 8, 4;
    %jmp/0 T_0.9, 8;
    %pushi/vec4 0, 0, 3;
    %jmp/1 T_0.10, 8;
T_0.9 ; End of true expr.
    %pushi/vec4 1, 0, 3;
    %jmp/0 T_0.10, 8;
 ; End of false expr.
    %blend;
T_0.10;
    %store/vec4 v000001b1ba9619b0_0, 0, 3;
    %jmp T_0.8;
T_0.5 ;
    %pushi/vec4 5, 0, 3;
    %store/vec4 v000001b1ba9619b0_0, 0, 3;
    %jmp T_0.8;
T_0.6 ;
    %pushi/vec4 3, 0, 3;
    %store/vec4 v000001b1ba9619b0_0, 0, 3;
    %jmp T_0.8;
T_0.7 ;
    %pushi/vec4 2, 0, 3;
    %store/vec4 v000001b1ba9619b0_0, 0, 3;
    %jmp T_0.8;
T_0.8 ;
    %pop/vec4 1;
    %jmp T_0.3;
T_0.3 ;
    %pop/vec4 1;
    %jmp T_0;
    .thread T_0, $push;
    .scope S_000001b1ba974e70;
T_1 ;
    %wait E_000001b1ba95a570;
    %load/vec4 v000001b1ba961a50_0;
    %dup/vec4;
    %pushi/vec4 0, 0, 2;
    %cmp/u;
    %jmp/1 T_1.0, 6;
    %dup/vec4;
    %pushi/vec4 1, 0, 2;
    %cmp/u;
    %jmp/1 T_1.1, 6;
    %dup/vec4;
    %pushi/vec4 2, 0, 2;
    %cmp/u;
    %jmp/1 T_1.2, 6;
    %jmp T_1.3;
T_1.0 ;
    %load/vec4 v000001b1ba961f50_0;
    %parti/s 1, 24, 6;
    %replicate 20;
    %load/vec4 v000001b1ba961f50_0;
    %parti/s 12, 13, 5;
    %concat/vec4; draw_concat_vec4
    %store/vec4 v000001b1ba961910_0, 0, 32;
    %jmp T_1.3;
T_1.1 ;
    %load/vec4 v000001b1ba961f50_0;
    %parti/s 1, 24, 6;
    %replicate 20;
    %load/vec4 v000001b1ba961f50_0;
    %parti/s 7, 18, 6;
    %concat/vec4; draw_concat_vec4
    %load/vec4 v000001b1ba961f50_0;
    %parti/s 5, 0, 2;
    %concat/vec4; draw_concat_vec4
    %store/vec4 v000001b1ba961910_0, 0, 32;
    %jmp T_1.3;
T_1.2 ;
    %load/vec4 v000001b1ba961f50_0;
    %parti/s 1, 24, 6;
    %replicate 20;
    %load/vec4 v000001b1ba961f50_0;
    %parti/s 1, 0, 2;
    %concat/vec4; draw_concat_vec4
    %load/vec4 v000001b1ba961f50_0;
    %parti/s 6, 18, 6;
    %concat/vec4; draw_concat_vec4
    %load/vec4 v000001b1ba961f50_0;
    %parti/s 4, 1, 2;
    %concat/vec4; draw_concat_vec4
    %concati/vec4 0, 0, 1;
    %store/vec4 v000001b1ba961910_0, 0, 32;
    %jmp T_1.3;
T_1.3 ;
    %pop/vec4 1;
    %jmp T_1;
    .thread T_1, $push;
    .scope S_000001b1ba965e00;
T_2 ;
    %wait E_000001b1ba95a670;
    %load/vec4 v000001b1ba961b90_0;
    %dup/vec4;
    %pushi/vec4 0, 0, 16;
    %cmp/u;
    %jmp/1 T_2.0, 6;
    %dup/vec4;
    %pushi/vec4 4, 0, 16;
    %cmp/u;
    %jmp/1 T_2.1, 6;
    %dup/vec4;
    %pushi/vec4 8, 0, 16;
    %cmp/u;
    %jmp/1 T_2.2, 6;
    %dup/vec4;
    %pushi/vec4 12, 0, 16;
    %cmp/u;
    %jmp/1 T_2.3, 6;
    %jmp T_2.4;
T_2.0 ;
    %pushi/vec4 4291076867, 0, 32;
    %store/vec4 v000001b1ba961d70_0, 0, 32;
    %jmp T_2.4;
T_2.1 ;
    %pushi/vec4 6595619, 0, 32;
    %store/vec4 v000001b1ba961d70_0, 0, 32;
    %jmp T_2.4;
T_2.2 ;
    %pushi/vec4 6480435, 0, 32;
    %store/vec4 v000001b1ba961d70_0, 0, 32;
    %jmp T_2.4;
T_2.3 ;
    %pushi/vec4 4265741027, 0, 32;
    %store/vec4 v000001b1ba961d70_0, 0, 32;
    %jmp T_2.4;
T_2.4 ;
    %pop/vec4 1;
    %jmp T_2;
    .thread T_2, $push;
    .scope S_000001b1ba965f90;
T_3 ;
    %wait E_000001b1ba959db0;
    %load/vec4 v000001b1ba961730_0;
    %dup/vec4;
    %pushi/vec4 3, 0, 7;
    %cmp/u;
    %jmp/1 T_3.0, 6;
    %dup/vec4;
    %pushi/vec4 35, 0, 7;
    %cmp/u;
    %jmp/1 T_3.1, 6;
    %dup/vec4;
    %pushi/vec4 51, 0, 7;
    %cmp/u;
    %jmp/1 T_3.2, 6;
    %dup/vec4;
    %pushi/vec4 99, 0, 7;
    %cmp/u;
    %jmp/1 T_3.3, 6;
    %jmp T_3.4;
T_3.0 ;
    %pushi/vec4 1, 0, 1;
    %store/vec4 v000001b1ba961ff0_0, 0, 1;
    %pushi/vec4 0, 0, 1;
    %store/vec4 v000001b1ba9614b0_0, 0, 1;
    %pushi/vec4 1, 0, 1;
    %store/vec4 v000001b1ba961eb0_0, 0, 1;
    %pushi/vec4 0, 0, 1;
    %store/vec4 v000001b1ba961c30_0, 0, 1;
    %pushi/vec4 1, 0, 1;
    %store/vec4 v000001b1ba961550_0, 0, 1;
    %pushi/vec4 0, 0, 1;
    %store/vec4 v000001b1ba9617d0_0, 0, 1;
    %pushi/vec4 0, 0, 1;
    %store/vec4 v000001b1ba961e10_0, 0, 1;
    %jmp T_3.4;
T_3.1 ;
    %pushi/vec4 0, 0, 1;
    %store/vec4 v000001b1ba961ff0_0, 0, 1;
    %pushi/vec4 1, 0, 1;
    %store/vec4 v000001b1ba9614b0_0, 0, 1;
    %pushi/vec4 1, 0, 1;
    %store/vec4 v000001b1ba961eb0_0, 0, 1;
    %pushi/vec4 1, 0, 1;
    %store/vec4 v000001b1ba961c30_0, 0, 1;
    %pushi/vec4 1, 1, 1;
    %store/vec4 v000001b1ba961550_0, 0, 1;
    %pushi/vec4 0, 0, 1;
    %store/vec4 v000001b1ba9617d0_0, 0, 1;
    %pushi/vec4 0, 0, 1;
    %store/vec4 v000001b1ba961e10_0, 0, 1;
    %jmp T_3.4;
T_3.2 ;
    %pushi/vec4 1, 0, 1;
    %store/vec4 v000001b1ba961ff0_0, 0, 1;
    %pushi/vec4 1, 1, 1;
    %store/vec4 v000001b1ba9614b0_0, 0, 1;
    %pushi/vec4 0, 0, 1;
    %store/vec4 v000001b1ba961eb0_0, 0, 1;
    %pushi/vec4 0, 0, 1;
    %store/vec4 v000001b1ba961c30_0, 0, 1;
    %pushi/vec4 0, 0, 1;
    %store/vec4 v000001b1ba961550_0, 0, 1;
    %pushi/vec4 0, 0, 1;
    %store/vec4 v000001b1ba9617d0_0, 0, 1;
    %pushi/vec4 0, 0, 1;
    %store/vec4 v000001b1ba961e10_0, 0, 1;
    %jmp T_3.4;
T_3.3 ;
    %pushi/vec4 0, 0, 1;
    %store/vec4 v000001b1ba961ff0_0, 0, 1;
    %pushi/vec4 0, 0, 1;
    %store/vec4 v000001b1ba9614b0_0, 0, 1;
    %pushi/vec4 0, 0, 1;
    %store/vec4 v000001b1ba961eb0_0, 0, 1;
    %pushi/vec4 0, 0, 1;
    %store/vec4 v000001b1ba961c30_0, 0, 1;
    %pushi/vec4 1, 1, 1;
    %store/vec4 v000001b1ba961550_0, 0, 1;
    %pushi/vec4 1, 0, 1;
    %store/vec4 v000001b1ba9617d0_0, 0, 1;
    %pushi/vec4 1, 0, 1;
    %store/vec4 v000001b1ba961e10_0, 0, 1;
    %jmp T_3.4;
T_3.4 ;
    %pop/vec4 1;
    %jmp T_3;
    .thread T_3, $push;
    .scope S_000001b1ba970d10;
T_4 ;
    %wait E_000001b1ba959ff0;
    %load/vec4 v000001b1ba9c9420_0;
    %flag_set/vec4 8;
    %jmp/0xz  T_4.0, 8;
    %load/vec4 v000001b1ba9ca5a0_0;
    %load/vec4 v000001b1ba9c8f20_0;
    %pad/u 7;
    %ix/vec4 3;
    %ix/load 4, 0, 0; Constant delay
    %assign/vec4/a/d v000001b1ba9c9d80, 0, 4;
T_4.0 ;
    %jmp T_4;
    .thread T_4;
# The file index is used to find the file name in the following table.
:file_names 7;
    "N/A";
    "<interactive>";
    "./../control_unit/alu_decoder.v";
    "./../extend/extend.v";
    "./../instruction_memory/instruction_memory.v";
    "./../control_unit/main_decoder.v";
    "./../memory/register_file.v";
