#! /c/Source/iverilog-install/bin/vvp
:ivl_version "12.0 (devel)" "(s20150603-1539-g2693dd32b)";
:ivl_delay_selection "TYPICAL";
:vpi_time_precision + 0;
:vpi_module "C:\iverilog\lib\ivl\system.vpi";
:vpi_module "C:\iverilog\lib\ivl\vhdl_sys.vpi";
:vpi_module "C:\iverilog\lib\ivl\vhdl_textio.vpi";
:vpi_module "C:\iverilog\lib\ivl\v2005_math.vpi";
:vpi_module "C:\iverilog\lib\ivl\va_math.vpi";
S_000001c72ae02620 .scope module, "bubble_sort" "bubble_sort" 2 1;
 .timescale 0 0;
    .port_info 0 /OUTPUT 8 "y";
    .port_info 1 /INPUT 8 "a";
P_000001c72ae361a0 .param/l "N" 0 2 1, +C4<00000000000000000000000000001000>;
o000001c72ae36fd8 .functor BUFZ 8, C4<zzzzzzzz>; HiZ drive
v000001c72ae02f30_0 .net "a", 7 0, o000001c72ae36fd8;  0 drivers
v000001c72adebbc0_0 .var/i "i", 31 0;
v000001c72adebc60_0 .var/i "swapped", 31 0;
v000001c72adebd00_0 .var/i "temp", 31 0;
v000001c72ae027b0_0 .var "y", 7 0;
E_000001c72ae369a0 .event anyedge, v000001c72ae02f30_0, v000001c72adebc60_0, v000001c72ae027b0_0, v000001c72adebd00_0;
    .scope S_000001c72ae02620;
T_0 ;
    %wait E_000001c72ae369a0;
    %load/vec4 v000001c72ae02f30_0;
    %store/vec4 v000001c72ae027b0_0, 0, 8;
    %pushi/vec4 1, 0, 32;
    %store/vec4 v000001c72adebc60_0, 0, 32;
T_0.0 ;
    %load/vec4 v000001c72adebc60_0;
    %or/r;
    %flag_set/vec4 8;
    %jmp/0xz T_0.1, 8;
    %pushi/vec4 0, 0, 32;
    %store/vec4 v000001c72adebc60_0, 0, 32;
    %pushi/vec4 0, 0, 32;
    %store/vec4 v000001c72adebbc0_0, 0, 32;
T_0.2 ;
    %load/vec4 v000001c72adebbc0_0;
    %cmpi/s 6, 0, 32;
    %flag_or 5, 4;
    %jmp/0xz T_0.3, 5;
    %load/vec4 v000001c72ae027b0_0;
    %load/vec4 v000001c72adebbc0_0;
    %addi 1, 0, 32;
    %part/s 1;
    %load/vec4 v000001c72ae027b0_0;
    %load/vec4 v000001c72adebbc0_0;
    %part/s 1;
    %cmp/u;
    %jmp/0xz  T_0.4, 5;
    %load/vec4 v000001c72ae027b0_0;
    %load/vec4 v000001c72adebbc0_0;
    %part/s 1;
    %pad/u 32;
    %store/vec4 v000001c72adebd00_0, 0, 32;
    %load/vec4 v000001c72ae027b0_0;
    %load/vec4 v000001c72adebbc0_0;
    %addi 1, 0, 32;
    %part/s 1;
    %ix/getv/s 4, v000001c72adebbc0_0;
    %store/vec4 v000001c72ae027b0_0, 4, 1;
    %load/vec4 v000001c72adebd00_0;
    %pad/s 1;
    %load/vec4 v000001c72adebbc0_0;
    %addi 1, 0, 32;
    %ix/vec4/s 4;
    %store/vec4 v000001c72ae027b0_0, 4, 1;
    %pushi/vec4 1, 0, 32;
    %store/vec4 v000001c72adebc60_0, 0, 32;
T_0.4 ;
    %load/vec4 v000001c72adebbc0_0;
    %addi 1, 0, 32;
    %store/vec4 v000001c72adebbc0_0, 0, 32;
    %jmp T_0.2;
T_0.3 ;
    %jmp T_0.0;
T_0.1 ;
    %jmp T_0;
    .thread T_0, $push;
# The file index is used to find the file name in the following table.
:file_names 3;
    "N/A";
    "<interactive>";
    ".\bubble_sort.v";
